2018-06-23 17:14:50.554 [restartedMain] INFO  cc.gzvtc.PhotoApplication - Starting PhotoApplication on sunward with PID 14280 (C:\Users\joe\IdeaProjects\Photo\target\classes started by joe in C:\Users\joe\IdeaProjects\Photo)
2018-06-23 17:14:50.564 [restartedMain] INFO  cc.gzvtc.PhotoApplication - No active profile set, falling back to default profiles: default
2018-06-23 17:14:51.431 [restartedMain] INFO  o.s.b.c.e.AnnotationConfigEmbeddedWebApplicationContext - Refreshing org.springframework.boot.context.embedded.AnnotationConfigEmbeddedWebApplicationContext@4b1f93a5: startup date [Sat Jun 23 17:14:51 CST 2018]; root of context hierarchy
2018-06-23 17:14:52.578 [restartedMain] WARN  org.mybatis.spring.mapper.ClassPathMapperScanner - No MyBatis mapper was found in '[cc.gzvtc.mappers]' package. Please check your configuration.
2018-06-23 17:14:52.905 [restartedMain] WARN  org.mybatis.spring.mapper.ClassPathMapperScanner - No MyBatis mapper was found in '[cc.gzvtc]' package. Please check your configuration.
2018-06-23 17:14:53.130 [restartedMain] WARN  o.s.c.annotation.ConfigurationClassPostProcessor - Cannot enhance @Configuration bean definition 'myBatisMapperScannerConfig' since its singleton instance has been created too early. The typical cause is a non-static @Bean method with a BeanDefinitionRegistryPostProcessor return type: Consider declaring such methods as 'static'.
2018-06-23 17:14:54.547 [restartedMain] INFO  o.s.b.c.e.tomcat.TomcatEmbeddedServletContainer - Tomcat initialized with port(s): 2018 (http)
2018-06-23 17:14:54.565 [restartedMain] INFO  org.apache.catalina.core.StandardService - Starting service [Tomcat]
2018-06-23 17:14:54.568 [restartedMain] INFO  org.apache.catalina.core.StandardEngine - Starting Servlet Engine: Apache Tomcat/8.5.27
2018-06-23 17:14:54.748 [localhost-startStop-1] INFO  o.a.c.core.ContainerBase.[Tomcat].[localhost].[/] - Initializing Spring embedded WebApplicationContext
2018-06-23 17:14:54.751 [localhost-startStop-1] INFO  org.springframework.web.context.ContextLoader - Root WebApplicationContext: initialization completed in 3320 ms
2018-06-23 17:14:55.124 [localhost-startStop-1] INFO  o.s.boot.web.servlet.FilterRegistrationBean - Mapping filter: 'characterEncodingFilter' to: [/*]
2018-06-23 17:14:55.127 [localhost-startStop-1] INFO  o.s.boot.web.servlet.FilterRegistrationBean - Mapping filter: 'hiddenHttpMethodFilter' to: [/*]
2018-06-23 17:14:55.127 [localhost-startStop-1] INFO  o.s.boot.web.servlet.FilterRegistrationBean - Mapping filter: 'httpPutFormContentFilter' to: [/*]
2018-06-23 17:14:55.130 [localhost-startStop-1] INFO  o.s.boot.web.servlet.FilterRegistrationBean - Mapping filter: 'requestContextFilter' to: [/*]
2018-06-23 17:14:55.130 [localhost-startStop-1] INFO  o.s.boot.web.servlet.FilterRegistrationBean - Mapping filter: 'LoginFilter' to urls: [/member.html]
2018-06-23 17:14:55.133 [localhost-startStop-1] INFO  o.s.boot.web.servlet.FilterRegistrationBean - Mapping filter: 'AdminFilter' to urls: [/manage/page/*, /manage/home.html, /manage/index.html]
2018-06-23 17:14:55.134 [localhost-startStop-1] INFO  o.s.boot.web.servlet.ServletRegistrationBean - Mapping servlet: 'dispatcherServlet' to [/]
2018-06-23 17:14:57.314 [restartedMain] INFO  o.s.w.s.m.m.a.RequestMappingHandlerAdapter - Looking for @ControllerAdvice: org.springframework.boot.context.embedded.AnnotationConfigEmbeddedWebApplicationContext@4b1f93a5: startup date [Sat Jun 23 17:14:51 CST 2018]; root of context hierarchy
2018-06-23 17:14:57.584 [restartedMain] INFO  o.s.w.s.m.m.a.RequestMappingHandlerMapping - Mapped "{[/admin/getAdminInfo],methods=[POST]}" onto public cc.gzvtc.vo.ReturnResult cc.gzvtc.admin.controller.AdminController.getAdminInfo(javax.servlet.http.HttpSession)
2018-06-23 17:14:57.588 [restartedMain] INFO  o.s.w.s.m.m.a.RequestMappingHandlerMapping - Mapped "{[/admin/login],methods=[POST]}" onto public cc.gzvtc.vo.ReturnResult cc.gzvtc.admin.controller.AdminController.login(cc.gzvtc.model.TAdmin,javax.servlet.http.HttpSession)
2018-06-23 17:14:57.589 [restartedMain] INFO  o.s.w.s.m.m.a.RequestMappingHandlerMapping - Mapped "{[/admin/logout],methods=[POST]}" onto public cc.gzvtc.vo.ReturnResult cc.gzvtc.admin.controller.AdminController.logout(javax.servlet.http.HttpSession)
2018-06-23 17:14:57.594 [restartedMain] INFO  o.s.w.s.m.m.a.RequestMappingHandlerMapping - Mapped "{[/addBanner],methods=[POST]}" onto public cc.gzvtc.vo.ReturnResult cc.gzvtc.banner.controller.BannerController.addBanner(cc.gzvtc.model.TBanner,javax.servlet.http.HttpServletRequest)
2018-06-23 17:14:57.595 [restartedMain] INFO  o.s.w.s.m.m.a.RequestMappingHandlerMapping - Mapped "{[/deleteBannerById],methods=[POST]}" onto public cc.gzvtc.vo.ReturnResult cc.gzvtc.banner.controller.BannerController.deleteBannerById(java.lang.Integer,javax.servlet.http.HttpServletRequest)
2018-06-23 17:14:57.597 [restartedMain] INFO  o.s.w.s.m.m.a.RequestMappingHandlerMapping - Mapped "{[/updateBanner],methods=[POST]}" onto public cc.gzvtc.vo.ReturnResult cc.gzvtc.banner.controller.BannerController.updateBanner(cc.gzvtc.model.TBanner)
2018-06-23 17:14:57.598 [restartedMain] INFO  o.s.w.s.m.m.a.RequestMappingHandlerMapping - Mapped "{[/getBannerById],methods=[POST]}" onto public cc.gzvtc.vo.ReturnResult cc.gzvtc.banner.controller.BannerController.getBannerById(java.lang.Integer)
2018-06-23 17:14:57.599 [restartedMain] INFO  o.s.w.s.m.m.a.RequestMappingHandlerMapping - Mapped "{[/getAllBanner]}" onto public cc.gzvtc.vo.ReturnResult cc.gzvtc.banner.controller.BannerController.getAllBanner(cc.gzvtc.vo.PageVO)
2018-06-23 17:14:57.606 [restartedMain] INFO  o.s.w.s.m.m.a.RequestMappingHandlerMapping - Mapped "{[/addComment],methods=[POST]}" onto public cc.gzvtc.vo.ReturnResult cc.gzvtc.comment.controller.CommentController.addInfo(cc.gzvtc.model.TComment,javax.servlet.http.HttpSession)
2018-06-23 17:14:57.607 [restartedMain] INFO  o.s.w.s.m.m.a.RequestMappingHandlerMapping - Mapped "{[/deleteComment],methods=[POST]}" onto public cc.gzvtc.vo.ReturnResult cc.gzvtc.comment.controller.CommentController.deleteComment(java.lang.Integer)
2018-06-23 17:14:57.609 [restartedMain] INFO  o.s.w.s.m.m.a.RequestMappingHandlerMapping - Mapped "{[/getCommentByPid],methods=[GET]}" onto public cc.gzvtc.vo.ReturnResult cc.gzvtc.comment.controller.CommentController.getCommentByPid(java.lang.Integer)
2018-06-23 17:14:57.609 [restartedMain] INFO  o.s.w.s.m.m.a.RequestMappingHandlerMapping - Mapped "{[/getCommentListByPage],methods=[POST]}" onto public cc.gzvtc.vo.ReturnResult cc.gzvtc.comment.controller.CommentController.getCommentListByPage(cc.gzvtc.vo.PageVO)
2018-06-23 17:14:57.618 [restartedMain] INFO  o.s.w.s.m.m.a.RequestMappingHandlerMapping - Mapped "{[/addInfo],methods=[POST]}" onto public cc.gzvtc.vo.ReturnResult cc.gzvtc.info.controller.InfoController.addInfo(cc.gzvtc.model.TInfomation,javax.servlet.http.HttpServletRequest)
2018-06-23 17:14:57.625 [restartedMain] INFO  o.s.w.s.m.m.a.RequestMappingHandlerMapping - Mapped "{[/updateInfo],methods=[POST]}" onto public cc.gzvtc.vo.ReturnResult cc.gzvtc.info.controller.InfoController.updateInfo(cc.gzvtc.model.TInfomation)
2018-06-23 17:14:57.626 [restartedMain] INFO  o.s.w.s.m.m.a.RequestMappingHandlerMapping - Mapped "{[/getInfoById],methods=[POST]}" onto public cc.gzvtc.vo.ReturnResult cc.gzvtc.info.controller.InfoController.getInfoById(java.lang.Integer)
2018-06-23 17:14:57.626 [restartedMain] INFO  o.s.w.s.m.m.a.RequestMappingHandlerMapping - Mapped "{[/getSixInfo],methods=[POST]}" onto public cc.gzvtc.vo.ReturnResult cc.gzvtc.info.controller.InfoController.getSixInfo()
2018-06-23 17:14:57.627 [restartedMain] INFO  o.s.w.s.m.m.a.RequestMappingHandlerMapping - Mapped "{[/getAllInfo],methods=[POST]}" onto public cc.gzvtc.vo.ReturnResult cc.gzvtc.info.controller.InfoController.getAllInfo()
2018-06-23 17:14:57.627 [restartedMain] INFO  o.s.w.s.m.m.a.RequestMappingHandlerMapping - Mapped "{[/info/upload]}" onto public java.util.Map<java.lang.String, java.lang.Object> cc.gzvtc.info.controller.InfoController.upload(javax.servlet.http.HttpServletRequest) throws java.lang.IllegalStateException,java.io.IOException
2018-06-23 17:14:57.630 [restartedMain] INFO  o.s.w.s.m.m.a.RequestMappingHandlerMapping - Mapped "{[/getInfoListByPage],methods=[POST]}" onto public cc.gzvtc.vo.ReturnResult cc.gzvtc.info.controller.InfoController.getInfoListByPage(cc.gzvtc.vo.PageVO)
2018-06-23 17:14:57.631 [restartedMain] INFO  o.s.w.s.m.m.a.RequestMappingHandlerMapping - Mapped "{[/updateLabel],methods=[POST]}" onto public cc.gzvtc.vo.ReturnResult cc.gzvtc.photographer.controller.LabelController.updateLabel(cc.gzvtc.model.TLabel)
2018-06-23 17:14:57.632 [restartedMain] INFO  o.s.w.s.m.m.a.RequestMappingHandlerMapping - Mapped "{[/getLabelById],methods=[POST]}" onto public cc.gzvtc.vo.ReturnResult cc.gzvtc.photographer.controller.LabelController.getLabelById(java.lang.Integer)
2018-06-23 17:14:57.634 [restartedMain] INFO  o.s.w.s.m.m.a.RequestMappingHandlerMapping - Mapped "{[/addLabel],methods=[POST]}" onto public cc.gzvtc.vo.ReturnResult cc.gzvtc.photographer.controller.LabelController.addLabel(cc.gzvtc.model.TLabel)
2018-06-23 17:14:57.635 [restartedMain] INFO  o.s.w.s.m.m.a.RequestMappingHandlerMapping - Mapped "{[/getAllLabel],methods=[POST]}" onto public cc.gzvtc.vo.ReturnResult cc.gzvtc.photographer.controller.LabelController.getAllLabel()
2018-06-23 17:14:57.636 [restartedMain] INFO  o.s.w.s.m.m.a.RequestMappingHandlerMapping - Mapped "{[/getLabelListByPage],methods=[POST]}" onto public cc.gzvtc.vo.ReturnResult cc.gzvtc.photographer.controller.LabelController.getLabelListByPage(cc.gzvtc.vo.PageVO,java.lang.String)
2018-06-23 17:14:57.639 [restartedMain] INFO  o.s.w.s.m.m.a.RequestMappingHandlerMapping - Mapped "{[/addLevel],methods=[POST]}" onto public cc.gzvtc.vo.ReturnResult cc.gzvtc.photographer.controller.LevelController.addLevel(cc.gzvtc.model.TLevel)
2018-06-23 17:14:57.639 [restartedMain] INFO  o.s.w.s.m.m.a.RequestMappingHandlerMapping - Mapped "{[/updateLevel],methods=[POST]}" onto public cc.gzvtc.vo.ReturnResult cc.gzvtc.photographer.controller.LevelController.updateLevel(cc.gzvtc.model.TLevel)
2018-06-23 17:14:57.639 [restartedMain] INFO  o.s.w.s.m.m.a.RequestMappingHandlerMapping - Mapped "{[/getAllLevel],methods=[POST]}" onto public cc.gzvtc.vo.ReturnResult cc.gzvtc.photographer.controller.LevelController.getAllLevel()
2018-06-23 17:14:57.640 [restartedMain] INFO  o.s.w.s.m.m.a.RequestMappingHandlerMapping - Mapped "{[/getLevelById],methods=[POST]}" onto public cc.gzvtc.vo.ReturnResult cc.gzvtc.photographer.controller.LevelController.getLevelById(java.lang.Integer)
2018-06-23 17:14:57.640 [restartedMain] INFO  o.s.w.s.m.m.a.RequestMappingHandlerMapping - Mapped "{[/updatelevelStatus],methods=[POST]}" onto public cc.gzvtc.vo.ReturnResult cc.gzvtc.photographer.controller.LevelController.updatelevelStatus(cc.gzvtc.model.TLevel)
2018-06-23 17:14:57.644 [restartedMain] INFO  o.s.w.s.m.m.a.RequestMappingHandlerMapping - Mapped "{[/getLevelListByPage],methods=[POST]}" onto public cc.gzvtc.vo.ReturnResult cc.gzvtc.photographer.controller.LevelController.getLevelListByPage(cc.gzvtc.vo.PageVO,java.lang.String)
2018-06-23 17:14:57.646 [restartedMain] INFO  o.s.w.s.m.m.a.RequestMappingHandlerMapping - Mapped "{[/getPhotographer]}" onto public cc.gzvtc.vo.ReturnResult cc.gzvtc.photographer.controller.PhotographerController.getPhotographer(java.lang.Integer)
2018-06-23 17:14:57.646 [restartedMain] INFO  o.s.w.s.m.m.a.RequestMappingHandlerMapping - Mapped "{[/addPhotographer],methods=[POST]}" onto public cc.gzvtc.vo.ReturnResult cc.gzvtc.photographer.controller.PhotographerController.addPhotographer(cc.gzvtc.model.TPhotographer,javax.servlet.http.HttpServletRequest,java.lang.Integer,java.lang.Integer,java.lang.Integer)
2018-06-23 17:14:57.647 [restartedMain] INFO  o.s.w.s.m.m.a.RequestMappingHandlerMapping - Mapped "{[/getAllPhotographer],methods=[POST]}" onto public cc.gzvtc.vo.ReturnResult cc.gzvtc.photographer.controller.PhotographerController.getAllPhotographer()
2018-06-23 17:14:57.647 [restartedMain] INFO  o.s.w.s.m.m.a.RequestMappingHandlerMapping - Mapped "{[/updatePhotographer],methods=[POST]}" onto public cc.gzvtc.vo.ReturnResult cc.gzvtc.photographer.controller.PhotographerController.updatePhotographer(cc.gzvtc.model.TPhotographer,java.lang.Integer,java.lang.Integer,java.lang.Integer)
2018-06-23 17:14:57.647 [restartedMain] INFO  o.s.w.s.m.m.a.RequestMappingHandlerMapping - Mapped "{[/getPhotographerListByPageStatus],methods=[POST]}" onto public cc.gzvtc.vo.ReturnResult cc.gzvtc.photographer.controller.PhotographerController.getPhotographerListByPageStatus(cc.gzvtc.vo.PageVO,java.lang.String,java.lang.String,java.lang.String,java.lang.String,java.lang.String)
2018-06-23 17:14:57.648 [restartedMain] INFO  o.s.w.s.m.m.a.RequestMappingHandlerMapping - Mapped "{[/getPhotographerListByPage],methods=[POST]}" onto public cc.gzvtc.vo.ReturnResult cc.gzvtc.photographer.controller.PhotographerController.getPhotographerListByPage(cc.gzvtc.vo.PageVO,java.lang.String,java.lang.String,java.lang.String,java.lang.String,java.lang.String,java.lang.String,java.lang.String)
2018-06-23 17:14:57.648 [restartedMain] INFO  o.s.w.s.m.m.a.RequestMappingHandlerMapping - Mapped "{[/updatePhotographerStatus],methods=[GET]}" onto public cc.gzvtc.vo.ReturnResult cc.gzvtc.photographer.controller.PhotographerController.updatePhotographerStatus(cc.gzvtc.model.TPhotographer)
2018-06-23 17:14:57.648 [restartedMain] INFO  o.s.w.s.m.m.a.RequestMappingHandlerMapping - Mapped "{[/getPhotographerById],methods=[POST]}" onto public cc.gzvtc.vo.ReturnResult cc.gzvtc.photographer.controller.PhotographerController.getPhotographerById(java.lang.Integer)
2018-06-23 17:14:57.657 [restartedMain] INFO  o.s.w.s.m.m.a.RequestMappingHandlerMapping - Mapped "{[/setSchedule],methods=[POST]}" onto public cc.gzvtc.vo.ReturnResult cc.gzvtc.photographer.controller.ScheduleController.setSchedule(java.lang.Integer,java.lang.String,javax.servlet.http.HttpSession,java.lang.String)
2018-06-23 17:14:57.659 [restartedMain] INFO  o.s.w.s.m.m.a.RequestMappingHandlerMapping - Mapped "{[/getScheduleById],methods=[POST]}" onto public cc.gzvtc.vo.ReturnResult cc.gzvtc.photographer.controller.ScheduleController.getScheduleById(java.lang.Integer)
2018-06-23 17:14:57.660 [restartedMain] INFO  o.s.w.s.m.m.a.RequestMappingHandlerMapping - Mapped "{[/addSchedule],methods=[POST]}" onto public cc.gzvtc.vo.ReturnResult cc.gzvtc.photographer.controller.ScheduleController.addSchedule(cc.gzvtc.model.TSchedule,javax.servlet.http.HttpSession,java.lang.String,java.lang.String)
2018-06-23 17:14:57.661 [restartedMain] INFO  o.s.w.s.m.m.a.RequestMappingHandlerMapping - Mapped "{[/getSchedule],methods=[GET]}" onto public cc.gzvtc.vo.ReturnResult cc.gzvtc.photographer.controller.ScheduleController.getSchedule(javax.servlet.http.HttpSession)
2018-06-23 17:14:57.663 [restartedMain] INFO  o.s.w.s.m.m.a.RequestMappingHandlerMapping - Mapped "{[/deleteSchedule],methods=[GET]}" onto public cc.gzvtc.vo.ReturnResult cc.gzvtc.photographer.controller.ScheduleController.deleteSchedule(javax.servlet.http.HttpSession,java.lang.Integer)
2018-06-23 17:14:57.664 [restartedMain] INFO  o.s.w.s.m.m.a.RequestMappingHandlerMapping - Mapped "{[/updateScheduleStatus],methods=[POST]}" onto public cc.gzvtc.vo.ReturnResult cc.gzvtc.photographer.controller.ScheduleController.updateScheduleStatus(cc.gzvtc.model.TSchedule,javax.servlet.http.HttpSession)
2018-06-23 17:14:57.665 [restartedMain] INFO  o.s.w.s.m.m.a.RequestMappingHandlerMapping - Mapped "{[/getScheduleByPhotographerId],methods=[GET]}" onto public cc.gzvtc.vo.ScheduleVO cc.gzvtc.photographer.controller.ScheduleController.getScheduleByPhotographerId(java.lang.Integer,java.lang.String,java.lang.String)
2018-06-23 17:14:57.668 [restartedMain] INFO  o.s.w.s.m.m.a.RequestMappingHandlerMapping - Mapped "{[/getScheduleListByPage],methods=[POST]}" onto public cc.gzvtc.vo.ReturnResult cc.gzvtc.photographer.controller.ScheduleController.getScheduleListByPage(cc.gzvtc.vo.PageVO,java.lang.String,java.lang.String,java.lang.String)
2018-06-23 17:14:57.670 [restartedMain] INFO  o.s.w.s.m.m.a.RequestMappingHandlerMapping - Mapped "{[/getWorksImgById],methods=[POST]}" onto public cc.gzvtc.vo.ReturnResult cc.gzvtc.photographer.controller.WorksController.getWorksImgById(java.lang.Integer)
2018-06-23 17:14:57.671 [restartedMain] INFO  o.s.w.s.m.m.a.RequestMappingHandlerMapping - Mapped "{[/getWorks]}" onto public cc.gzvtc.vo.ReturnResult cc.gzvtc.photographer.controller.WorksController.getWorks(java.lang.Integer)
2018-06-23 17:14:57.671 [restartedMain] INFO  o.s.w.s.m.m.a.RequestMappingHandlerMapping - Mapped "{[/addWorks],methods=[POST]}" onto public cc.gzvtc.vo.ReturnResult cc.gzvtc.photographer.controller.WorksController.addWorks(cc.gzvtc.model.TWorks,javax.servlet.http.HttpServletRequest)
2018-06-23 17:14:57.672 [restartedMain] INFO  o.s.w.s.m.m.a.RequestMappingHandlerMapping - Mapped "{[/updateWorksPath],methods=[POST]}" onto public cc.gzvtc.vo.ReturnResult cc.gzvtc.photographer.controller.WorksController.updateWorksPath(cc.gzvtc.model.TWorks,javax.servlet.http.HttpServletRequest)
2018-06-23 17:14:57.672 [restartedMain] INFO  o.s.w.s.m.m.a.RequestMappingHandlerMapping - Mapped "{[/updateWorks],methods=[POST]}" onto public cc.gzvtc.vo.ReturnResult cc.gzvtc.photographer.controller.WorksController.updateWorks(cc.gzvtc.model.TWorks)
2018-06-23 17:14:57.672 [restartedMain] INFO  o.s.w.s.m.m.a.RequestMappingHandlerMapping - Mapped "{[/getWorksById]}" onto public cc.gzvtc.vo.ReturnResult cc.gzvtc.photographer.controller.WorksController.getWorksById(java.lang.Integer)
2018-06-23 17:14:57.675 [restartedMain] INFO  o.s.w.s.m.m.a.RequestMappingHandlerMapping - Mapped "{[/getWorksListByPageStatus],methods=[POST]}" onto public cc.gzvtc.vo.ReturnResult cc.gzvtc.photographer.controller.WorksController.getWorksListByPageStatus(java.lang.String,java.lang.String)
2018-06-23 17:14:57.675 [restartedMain] INFO  o.s.w.s.m.m.a.RequestMappingHandlerMapping - Mapped "{[/getWorksByPhotographerId],methods=[GET]}" onto public cc.gzvtc.vo.ReturnResult cc.gzvtc.photographer.controller.WorksController.getWorksByPhotographerId(java.lang.Integer)
2018-06-23 17:14:57.676 [restartedMain] INFO  o.s.w.s.m.m.a.RequestMappingHandlerMapping - Mapped "{[/getWorksListByPage],methods=[POST]}" onto public cc.gzvtc.vo.ReturnResult cc.gzvtc.photographer.controller.WorksController.getWorksListByPage(cc.gzvtc.vo.PageVO,java.lang.String,java.lang.String,java.lang.String)
2018-06-23 17:14:57.676 [restartedMain] INFO  o.s.w.s.m.m.a.RequestMappingHandlerMapping - Mapped "{[/updateWorksStatus],methods=[GET]}" onto public cc.gzvtc.vo.ReturnResult cc.gzvtc.photographer.controller.WorksController.updateWorksStatus(cc.gzvtc.model.TWorks)
2018-06-23 17:14:57.677 [restartedMain] INFO  o.s.w.s.m.m.a.RequestMappingHandlerMapping - Mapped "{[/updateSpots],methods=[POST]}" onto public cc.gzvtc.vo.ReturnResult cc.gzvtc.spots.controller.SpotsController.updateSpots(cc.gzvtc.model.TSpots)
2018-06-23 17:14:57.678 [restartedMain] INFO  o.s.w.s.m.m.a.RequestMappingHandlerMapping - Mapped "{[/getSpotsById],methods=[POST]}" onto public cc.gzvtc.vo.ReturnResult cc.gzvtc.spots.controller.SpotsController.getSpotsById(java.lang.Integer)
2018-06-23 17:14:57.678 [restartedMain] INFO  o.s.w.s.m.m.a.RequestMappingHandlerMapping - Mapped "{[/addSpots],methods=[POST]}" onto public cc.gzvtc.vo.ReturnResult cc.gzvtc.spots.controller.SpotsController.addSpots(cc.gzvtc.model.TSpots,javax.servlet.http.HttpServletRequest)
2018-06-23 17:14:57.679 [restartedMain] INFO  o.s.w.s.m.m.a.RequestMappingHandlerMapping - Mapped "{[/getAllSpots],methods=[POST]}" onto public cc.gzvtc.vo.ReturnResult cc.gzvtc.spots.controller.SpotsController.getAllSpots()
2018-06-23 17:14:57.679 [restartedMain] INFO  o.s.w.s.m.m.a.RequestMappingHandlerMapping - Mapped "{[/getFiveSpots],methods=[POST]}" onto public cc.gzvtc.vo.ReturnResult cc.gzvtc.spots.controller.SpotsController.getFiveSpots()
2018-06-23 17:14:57.679 [restartedMain] INFO  o.s.w.s.m.m.a.RequestMappingHandlerMapping - Mapped "{[/getSpotsListByPage],methods=[POST]}" onto public cc.gzvtc.vo.ReturnResult cc.gzvtc.spots.controller.SpotsController.getSpotsListByPage(cc.gzvtc.vo.PageVO)
2018-06-23 17:14:57.681 [restartedMain] INFO  o.s.w.s.m.m.a.RequestMappingHandlerMapping - Mapped "{[/user/register]}" onto public cc.gzvtc.vo.ReturnResult cc.gzvtc.user.controller.UserController.register(cc.gzvtc.model.TUser)
2018-06-23 17:14:57.682 [restartedMain] INFO  o.s.w.s.m.m.a.RequestMappingHandlerMapping - Mapped "{[/user/getUserInfo]}" onto public cc.gzvtc.vo.ReturnResult cc.gzvtc.user.controller.UserController.getUserInfo(javax.servlet.http.HttpSession)
2018-06-23 17:14:57.685 [restartedMain] INFO  o.s.w.s.m.m.a.RequestMappingHandlerMapping - Mapped "{[/user/login]}" onto public cc.gzvtc.vo.ReturnResult cc.gzvtc.user.controller.UserController.login(cc.gzvtc.model.TUser,javax.servlet.http.HttpSession)
2018-06-23 17:14:57.685 [restartedMain] INFO  o.s.w.s.m.m.a.RequestMappingHandlerMapping - Mapped "{[/user/logout]}" onto public cc.gzvtc.vo.ReturnResult cc.gzvtc.user.controller.UserController.logout(javax.servlet.http.HttpSession)
2018-06-23 17:14:57.686 [restartedMain] INFO  o.s.w.s.m.m.a.RequestMappingHandlerMapping - Mapped "{[/user/getAllUserInfo]}" onto public cc.gzvtc.vo.ReturnResult cc.gzvtc.user.controller.UserController.getAllUserInfo(javax.servlet.http.HttpSession,cc.gzvtc.vo.PageVO,java.lang.String)
2018-06-23 17:14:57.686 [restartedMain] INFO  o.s.w.s.m.m.a.RequestMappingHandlerMapping - Mapped "{[/user/updatePassword]}" onto public cc.gzvtc.vo.ReturnResult cc.gzvtc.user.controller.UserController.updatePassword(cc.gzvtc.model.TUser)
2018-06-23 17:14:57.687 [restartedMain] INFO  o.s.w.s.m.m.a.RequestMappingHandlerMapping - Mapped "{[/user/checkUserName]}" onto public cc.gzvtc.vo.ReturnResult cc.gzvtc.user.controller.UserController.checkUserName(java.lang.String)
2018-06-23 17:14:57.690 [restartedMain] INFO  o.s.w.s.m.m.a.RequestMappingHandlerMapping - Mapped "{[/error]}" onto public org.springframework.http.ResponseEntity<java.util.Map<java.lang.String, java.lang.Object>> org.springframework.boot.autoconfigure.web.BasicErrorController.error(javax.servlet.http.HttpServletRequest)
2018-06-23 17:14:57.690 [restartedMain] INFO  o.s.w.s.m.m.a.RequestMappingHandlerMapping - Mapped "{[/error],produces=[text/html]}" onto public org.springframework.web.servlet.ModelAndView org.springframework.boot.autoconfigure.web.BasicErrorController.errorHtml(javax.servlet.http.HttpServletRequest,javax.servlet.http.HttpServletResponse)
2018-06-23 17:14:57.745 [restartedMain] INFO  o.s.web.servlet.handler.SimpleUrlHandlerMapping - Mapped URL path [/webjars/**] onto handler of type [class org.springframework.web.servlet.resource.ResourceHttpRequestHandler]
2018-06-23 17:14:57.745 [restartedMain] INFO  o.s.web.servlet.handler.SimpleUrlHandlerMapping - Mapped URL path [/**] onto handler of type [class org.springframework.web.servlet.resource.ResourceHttpRequestHandler]
2018-06-23 17:14:57.911 [restartedMain] INFO  o.s.web.servlet.handler.SimpleUrlHandlerMapping - Mapped URL path [/**/favicon.ico] onto handler of type [class org.springframework.web.servlet.resource.ResourceHttpRequestHandler]
2018-06-23 17:14:58.006 [restartedMain] WARN  o.s.b.a.t.AbstractTemplateResolverConfiguration - Cannot find template location: classpath:/templates/ (please add some templates or check your Thymeleaf configuration)
2018-06-23 17:14:58.350 [restartedMain] INFO  o.s.b.a.w.WebMvcAutoConfiguration$WelcomePageHandlerMapping - Adding welcome page: class path resource [static/index.html]
2018-06-23 17:14:59.767 [restartedMain] INFO  o.s.b.d.autoconfigure.OptionalLiveReloadServer - LiveReload server is running on port 35729
2018-06-23 17:14:59.868 [restartedMain] INFO  o.s.jmx.export.annotation.AnnotationMBeanExporter - Registering beans for JMX exposure on startup
2018-06-23 17:14:59.869 [restartedMain] INFO  o.s.jmx.export.annotation.AnnotationMBeanExporter - Bean with name 'dataSource' has been autodetected for JMX exposure
2018-06-23 17:14:59.879 [restartedMain] INFO  o.s.jmx.export.annotation.AnnotationMBeanExporter - Located MBean 'dataSource': registering with JMX server as MBean [com.alibaba.druid.pool:name=dataSource,type=DruidDataSource]
2018-06-23 17:14:59.991 [restartedMain] INFO  o.s.b.c.e.tomcat.TomcatEmbeddedServletContainer - Tomcat started on port(s): 2018 (http)
2018-06-23 17:15:00.021 [restartedMain] INFO  cc.gzvtc.PhotoApplication - Started PhotoApplication in 10.308 seconds (JVM running for 13.66)
2018-06-23 17:15:55.794 [http-nio-2018-exec-1] INFO  o.a.c.core.ContainerBase.[Tomcat].[localhost].[/] - Initializing Spring FrameworkServlet 'dispatcherServlet'
2018-06-23 17:15:55.796 [http-nio-2018-exec-1] INFO  org.springframework.web.servlet.DispatcherServlet - FrameworkServlet 'dispatcherServlet': initialization started
2018-06-23 17:15:55.866 [http-nio-2018-exec-1] INFO  org.springframework.web.servlet.DispatcherServlet - FrameworkServlet 'dispatcherServlet': initialization completed in 70 ms
2018-06-23 17:15:57.436 [http-nio-2018-exec-5] INFO  com.alibaba.druid.pool.DruidDataSource - {dataSource-1} inited
2018-06-23 17:16:21.198 [http-nio-2018-exec-10] INFO  cc.gzvtc.user.controller.UserController - 获取用户信息失败：用户未登录
